2024-12-18 00:24:59,637 - INFO - Start model training with parameters:
2024-12-18 00:24:59,638 - INFO - Model name: ai-forever/ruBert-large
2024-12-18 00:24:59,638 - INFO - Tokenization max length: 64
2024-12-18 00:24:59,639 - INFO - DataLoader batch size: 64
2024-12-18 00:24:59,640 - INFO - Optimizer: AdamW with lr 1e-5
2024-12-18 00:24:59,641 - INFO - Dataset cfg: extended, clipped with text field

2024-12-18 00:24:59,642 - INFO - GOOG LUCK:)

2024-12-18 00:25:08,480 - INFO - Epoch: 1.
2024-12-18 00:41:48,595 - INFO - Train loss: 0.25945915177505535, Valid loss: 0.31897276121637097, Valid F1: 0.5387078779447978.
2024-12-18 00:42:34,014 - INFO - Model saved.
2024-12-18 00:42:34,015 - INFO - Epoch: 2.
2024-12-18 00:59:16,067 - INFO - Train loss: 0.217146505944985, Valid loss: 0.30122517664795334, Valid F1: 0.5751216306876984.
2024-12-18 01:00:01,054 - INFO - Model saved.
2024-12-18 01:00:01,055 - INFO - Epoch: 3.
2024-12-18 01:16:39,697 - INFO - Train loss: 0.19442845857586744, Valid loss: 0.29946813926748606, Valid F1: 0.618981332520146.
2024-12-18 01:17:25,584 - INFO - Model saved.
2024-12-18 01:17:25,584 - INFO - Epoch: 4.
2024-12-18 01:34:04,231 - INFO - Train loss: 0.17550975120428836, Valid loss: 0.316024505249832, Valid F1: 0.6175309554683072.
2024-12-18 01:34:04,233 - INFO - Epoch: 5.
2024-12-18 01:50:43,700 - INFO - Train loss: 0.15951064884170027, Valid loss: 0.3156521125980046, Valid F1: 0.610702523629749.
2024-12-18 01:50:43,702 - INFO - Early stopping.
2024-12-18 01:50:54,822 - INFO - Validation report on validation dataset.
2024-12-18 01:50:54,834 - INFO - Precision    recall  f1-score   support

                       anger       0.76      0.41      0.53       593
                     disgust       0.65      0.53      0.59       145
                        fear       0.74      0.83      0.78       108
                         joy       0.92      0.49      0.64      1088
                     sadness       0.69      0.55      0.61       408
                    surprise       0.56      0.29      0.38       351
                     neutral       0.61      0.80      0.70       983

                   micro avg       0.70      0.56      0.62      3676
                   macro avg       0.71      0.56      0.60      3676
                weighted avg       0.74      0.56      0.61      3676
                 samples avg       0.66      0.60      0.62      3676

2024-12-18 01:50:54,842 - INFO - Test F1-score (weighted) on validation dataset: 0.610702523629749.

2024-12-18 03:34:09,306 - INFO - Validation report on test dataset.
2024-12-18 03:34:19,282 - INFO - Precision    recall  f1-score   support

                       anger       0.69      0.38      0.49       258
                     disgust       0.70      0.32      0.44        81
                        fear       0.80      0.73      0.76        70
                         joy       0.75      0.62      0.68       281
                     sadness       0.71      0.47      0.57       212
                    surprise       0.80      0.44      0.57       107
                     neutral       0.62      0.61      0.62       291

                   micro avg       0.70      0.52      0.60      1300
                   macro avg       0.72      0.51      0.59      1300
                weighted avg       0.71      0.52      0.59      1300
                 samples avg       0.67      0.58      0.60      1300

2024-12-18 03:34:19,288 - INFO - Test F1-score (weighted) on test dataset: 0.5891132416078214.
2024-12-18 03:40:45,858 - INFO - Submission public score: 0.57910

